<?xml version="1.0" encoding="UTF-8"?>
<testsuite xmlns:xsi="http://www.w3.org/2001/XMLSchema-instance" xsi:noNamespaceSchemaLocation="https://maven.apache.org/surefire/maven-failsafe-plugin/xsd/failsafe-test-report-3.0.xsd" version="3.0" name="com.evernote.test_framework.TestSuite" time="135.156" tests="39" errors="5" skipped="12" failures="0">
  <properties>
[...]
</properties>
  <testcase name="BeforeStories" classname="java.lang.Object" time="0.001">
    <system-out><![CDATA[Processing system properties {}
Using controls EmbedderControls[batch=false,skip=false,generateViewAfterStories=true,ignoreFailureInStories=true,ignoreFailureInView=true,verboseFailures=false,verboseFiltering=false,storyTimeouts=300,threads=1,failOnStoryTimeout=false]

(BeforeStories)

]]></system-out>
    <system-err><![CDATA[[main] INFO  - 

-------------------------------------------------------------------------------------
     _______. _______ .______       _______ .__   __.  __  .___________.____    ____ 
    /       ||   ____||   _  \     |   ____||  \ |  | |  | |           |\   \  /   / 
   |   (----`|  |__   |  |_)  |    |  |__   |   \|  | |  | `---|  |----` \   \/   /  
    \   \    |   __|  |      /     |   __|  |  . `  | |  |     |  |       \_    _/   
.----)   |   |  |____ |  |\  \----.|  |____ |  |\   | |  |     |  |         |  |     
|_______/    |_______|| _| `._____||_______||__| \__| |__|     |__|         |__|    
                                                                                     
 News and tutorials at http://www.serenity-bdd.info                                  
 Documentation at https://wakaleo.gitbooks.io/the-serenity-book/content/             
 Join the Serenity Community on Gitter: https://gitter.im/serenity-bdd/serenity-core 
 Serenity BDD Support and Training at http://serenity-bdd.info/#/trainingandsupport  
-------------------------------------------------------------------------------------

]]></system-err>
  </testcase>
  <testcase name="AfterStories" classname="java.lang.Object" time="0.667">
    <system-out><![CDATA[
org.openqa.selenium.ElementNotVisibleException: Timed out after 2 seconds. Element not available
Build info: version: '3.141.59', revision: 'e82be7d358', time: '2018-11-14T08:17:03'
System info: host: 'ua11-al-89OA', ip: 'fe80:0:0:0:8cc:e4c8:7a8a:f773%en0', os.name: 'Mac OS X', os.arch: 'aarch64', os.version: '12.1', java.version: '1.8.0_332'
Driver info: driver.version: unknown
	at net.thucydides.core.annotations.locators.SmartAjaxElementLocator.ajaxFindElement(SmartAjaxElementLocator.java:161)
	at net.thucydides.core.annotations.locators.SmartAjaxElementLocator.findElement(SmartAjaxElementLocator.java:116)
	at net.serenitybdd.core.pages.WebElementResolverByElementLocator.resolveForDriver(WebElementResolverByElementLocator.java:29)
	at net.serenitybdd.core.pages.WebElementFacadeImpl.getResolvedELement(WebElementFacadeImpl.java:234)
	at net.serenitybdd.core.pages.WebElementFacadeImpl.getElement(WebElementFacadeImpl.java:229)
	at net.serenitybdd.core.pages.WebElementFacadeImpl.isDisplayed(WebElementFacadeImpl.java:1351)
	(reflection-invoke)
	at net.thucydides.core.annotations.locators.AbstractSingleItemHandler.invoke(AbstractSingleItemHandler.java:43)
	at com.sun.proxy.$Proxy30.isDisplayed(Unknown Source)
	at org.openqa.selenium.support.ui.ExpectedConditions.elementIfVisible(ExpectedConditions.java:314)
	at org.openqa.selenium.support.ui.ExpectedConditions.access$000(ExpectedConditions.java:43)
	at org.openqa.selenium.support.ui.ExpectedConditions$10.apply(ExpectedConditions.java:300)
	at org.openqa.selenium.support.ui.ExpectedConditions$10.apply(ExpectedConditions.java:297)
	at org.openqa.selenium.support.ui.ExpectedConditions$23.apply(ExpectedConditions.java:670)
	at org.openqa.selenium.support.ui.ExpectedConditions$23.apply(ExpectedConditions.java:666)
	at org.openqa.selenium.support.ui.FluentWait.until(FluentWait.java:249)
	at com.evernote.test_framework.pages.LoginPage.isPasswordFieldVisible(LoginPage.java:49)
	at com.evernote.test_framework.steps.login.ui.EndUserUiSteps.is_password_field_visible(EndUserUiSteps.java:37)
	at com.evernote.test_framework.steps.login.ui.EndUserUiSteps$ByteBuddy$gb62CWHU.is_password_field_visible$accessor$aljKL1ls(Unknown Source)
	(reflection-invoke)
	at net.thucydides.core.steps.StepInterceptor.invokeMethod(StepInterceptor.java:492)
	at net.thucydides.core.steps.StepInterceptor.executeTestStepMethod(StepInterceptor.java:472)
	at net.thucydides.core.steps.StepInterceptor.runTestStep(StepInterceptor.java:445)
	at net.thucydides.core.steps.StepInterceptor.runOrSkipMethod(StepInterceptor.java:201)
	at net.thucydides.core.steps.StepInterceptor.testStepResult(StepInterceptor.java:188)
	at net.thucydides.core.steps.StepInterceptor.intercept(StepInterceptor.java:76)
	at net.thucydides.core.steps.ProxyConfiguration$InterceptorDispatcher.intercept(ProxyConfiguration.java:51)
	at com.evernote.test_framework.steps.login.ui.EndUserUiSteps$ByteBuddy$gb62CWHU.is_password_field_visible(Unknown Source)
	at com.evernote.test_framework.steps.login.ui.LoginUiSteps.whenUserEntersPassword(LoginUiSteps.java:31)
	(reflection-invoke)
	at org.jbehave.core.steps.StepCreator$ParametrisedStep.perform(StepCreator.java:790)
	at org.jbehave.core.embedder.PerformableTree$FineSoFar.run(PerformableTree.java:349)
...


(AfterStories)

]]></system-out>
    <system-err><![CDATA[[pool-2-thread-1] ERROR  - 
         __  _____ _____ ____ _____   _____ ____  ____   ___  ____  
 _      / / |_   _| ____/ ___|_   _| | ____|  _ \|  _ \ / _ \|  _ \ 
(_)____| |    | | |  _| \___ \ | |   |  _| | |_) | |_) | | | | |_) |
 |_____| |    | | | |___ ___) || |   | |___|  _ <|  _ <| |_| |  _ < 
(_)    | |    |_| |_____|____/ |_|   |_____|_| \_\_| \_\\___/|_| \_\
        \_\                                                         

Login again and make sure a last note created
---------------------------------------------------------------------
[pool-2-thread-1] ERROR  -     Test failed at step: Is password field visible
[pool-2-thread-1] ERROR  -     Timed out after 2 seconds. Element not available
]]></system-err>
  </testcase>
  <testcase name="Given the user is on the LoginPage" classname="com.evernote.test_framework.steps.login.ui.LoginUiSteps" time="12.15">
    <system-out><![CDATA[Using timeout for story LoginToWebsite.story of 300 secs.
Running story stories/login/LoginToWebsite.story

(stories/login/LoginToWebsite.story)
Scenario: Unsuccessful login using wrong e-mail
Given the user is on the LoginPage
]]></system-out>
    <system-err><![CDATA[[pool-2-thread-1] INFO net.serenitybdd.jbehave.embedders.monitors.ReportingEmbedderMonitor - 1623009085story running with path stories/login/LoginToWebsite.story
[pool-2-thread-1] ERROR net.serenitybdd.jbehave.embedders.monitors.ReportingEmbedderMonitor - can not find any story by path stories/login/LoginToWebsite.story
[pool-2-thread-1] INFO  - Test Suite Started: Login to website
[pool-2-thread-1] INFO  - 
 _____ _____ ____ _____   ____ _____  _    ____ _____ _____ ____  
|_   _| ____/ ___|_   _| / ___|_   _|/ \  |  _ \_   _| ____|  _ \ 
  | | |  _| \___ \ | |   \___ \ | | / _ \ | |_) || | |  _| | | | |
  | | | |___ ___) || |    ___) || |/ ___ \|  _ < | | | |___| |_| |
  |_| |_____|____/ |_|   |____/ |_/_/   \_\_| \_\|_| |_____|____/ 

Unsuccessful login using wrong e-mail(stories/login/LoginToWebsite.story;Unsuccessful login using wrong e-mail)
-------------------------------------------------------------------
[pool-2-thread-1] INFO net.serenitybdd.core.webdriver.driverproviders.ChromeDriverProvider - Using automatically driver download
[pool-2-thread-1] INFO io.github.bonigarcia.wdm.WebDriverManager - Using chromedriver 101.0.4951.41 (since Chrome 101 is installed in your machine)
[pool-2-thread-1] INFO io.github.bonigarcia.wdm.WebDriverManager - Exporting webdriver.chrome.driver as /Users/OstrolutskyiArtem/.m2/repository/webdriver/chromedriver/mac64/101.0.4951.41/chromedriver
[pool-2-thread-1] INFO net.serenitybdd.core.webdriver.driverproviders.ProvideNewDriver - Instantiating driver
[pool-2-thread-1] INFO net.serenitybdd.core.webdriver.driverproviders.ProvideNewDriver - Driver capabilities: Capabilities {acceptInsecureCerts: false, browserName: chrome, goog:chromeOptions: {args: [--headless], extensions: []}, loggingPrefs: org.openqa.selenium.logging...}
Starting ChromeDriver 101.0.4951.41 (93c720db8323b3ec10d056025ab95c23a31997c9-refs/branch-heads/4951@{#904}) on port 19715
Only local connections are allowed.
Please see https://chromedriver.chromium.org/security-considerations for suggestions on keeping ChromeDriver safe.
ChromeDriver was started successfully.
May 12, 2022 11:21:43 PM org.openqa.selenium.remote.ProtocolHandshake createSession
INFO: Detected dialect: W3C
]]></system-err>
  </testcase>
  <testcase name="When the user enters e-mail &apos;vasyl@vasyl&apos;" classname="com.evernote.test_framework.steps.login.ui.LoginUiSteps" time="1.198">
    <system-out><![CDATA[When the user enters e-mail 'vasyl@vasyl'
]]></system-out>
  </testcase>
  <testcase name="And the user clicks on login button" classname="com.evernote.test_framework.steps.login.ui.LoginUiSteps" time="1.606">
    <system-out><![CDATA[And the user clicks on login button
]]></system-out>
  </testcase>
  <testcase name="Then the user should see error response message &apos;There is no account for the username or email you entered․&apos;" classname="com.evernote.test_framework.steps.login.ui.LoginUiSteps" time="13.117">
    <error message="Timed out after 2 seconds. Element not available&#10;Build info: version: &apos;3.141.59&apos;, revision: &apos;e82be7d358&apos;, time: &apos;2018-11-14T08:17:03&apos;&#10;System info: host: &apos;ua11-al-89OA&apos;, ip: &apos;fe80:0:0:0:8cc:e4c8:7a8a:f773%en0&apos;, os.name: &apos;Mac OS X&apos;, os.arch: &apos;aarch64&apos;, os.version: &apos;12.1&apos;, java.version: &apos;1.8.0_332&apos;&#10;Driver info: driver.version: unknown" type="org.openqa.selenium.ElementNotVisibleException"><![CDATA[org.openqa.selenium.ElementNotVisibleException: 
Timed out after 2 seconds. Element not available
Build info: version: '3.141.59', revision: 'e82be7d358', time: '2018-11-14T08:17:03'
System info: host: 'ua11-al-89OA', ip: 'fe80:0:0:0:8cc:e4c8:7a8a:f773%en0', os.name: 'Mac OS X', os.arch: 'aarch64', os.version: '12.1', java.version: '1.8.0_332'
Driver info: driver.version: unknown
	at com.evernote.test_framework.steps.login.ui.LoginUiSteps.thenUserShouldSeeErrorResponseMessage(LoginUiSteps.java:38)
]]></error>
    <system-out><![CDATA[Then the user should see error response message 'There is no account for the username or email you entered.' (FAILED)
(org.openqa.selenium.ElementNotVisibleException: Timed out after 2 seconds. Element not available
Build info: version: '3.141.59', revision: 'e82be7d358', time: '2018-11-14T08:17:03'
System info: host: 'ua11-al-89OA', ip: 'fe80:0:0:0:8cc:e4c8:7a8a:f773%en0', os.name: 'Mac OS X', os.arch: 'aarch64', os.version: '12.1', java.version: '1.8.0_332'
Driver info: driver.version: unknown)
]]></system-out>
  </testcase>
  <testcase name="Given the user is on the LoginPage​" classname="com.evernote.test_framework.steps.login.ui.LoginUiSteps" time="11.044">
    <system-out><![CDATA[
org.openqa.selenium.ElementNotVisibleException: Timed out after 2 seconds. Element not available
Build info: version: '3.141.59', revision: 'e82be7d358', time: '2018-11-14T08:17:03'
System info: host: 'ua11-al-89OA', ip: 'fe80:0:0:0:8cc:e4c8:7a8a:f773%en0', os.name: 'Mac OS X', os.arch: 'aarch64', os.version: '12.1', java.version: '1.8.0_332'
Driver info: driver.version: unknown
	at net.thucydides.core.annotations.locators.SmartAjaxElementLocator.ajaxFindElement(SmartAjaxElementLocator.java:161)
	at net.thucydides.core.annotations.locators.SmartAjaxElementLocator.findElement(SmartAjaxElementLocator.java:116)
	at net.serenitybdd.core.pages.WebElementResolverByElementLocator.resolveForDriver(WebElementResolverByElementLocator.java:29)
	at net.serenitybdd.core.pages.WebElementFacadeImpl.getResolvedELement(WebElementFacadeImpl.java:234)
	at net.serenitybdd.core.pages.WebElementFacadeImpl.getElement(WebElementFacadeImpl.java:229)
	at net.serenitybdd.core.pages.WebElementFacadeImpl.getText(WebElementFacadeImpl.java:1127)
	(reflection-invoke)
	at net.thucydides.core.annotations.locators.AbstractSingleItemHandler.invoke(AbstractSingleItemHandler.java:43)
	at com.sun.proxy.$Proxy30.getText(Unknown Source)
	at com.evernote.test_framework.pages.LoginPage.getResponseMessage(LoginPage.java:37)
	at com.evernote.test_framework.steps.login.ui.EndUserUiSteps.should_see_definition(EndUserUiSteps.java:67)
	at com.evernote.test_framework.steps.login.ui.EndUserUiSteps$ByteBuddy$gb62CWHU.should_see_definition$accessor$aljKL1ls(Unknown Source)
	(reflection-invoke)
	at net.thucydides.core.steps.StepInterceptor.invokeMethod(StepInterceptor.java:492)
	at net.thucydides.core.steps.StepInterceptor.executeTestStepMethod(StepInterceptor.java:472)
	at net.thucydides.core.steps.StepInterceptor.runTestStep(StepInterceptor.java:445)
	at net.thucydides.core.steps.StepInterceptor.runOrSkipMethod(StepInterceptor.java:201)
	at net.thucydides.core.steps.StepInterceptor.testStepResult(StepInterceptor.java:188)
	at net.thucydides.core.steps.StepInterceptor.intercept(StepInterceptor.java:76)
	at net.thucydides.core.steps.ProxyConfiguration$InterceptorDispatcher.intercept(ProxyConfiguration.java:51)
	at com.evernote.test_framework.steps.login.ui.EndUserUiSteps$ByteBuddy$gb62CWHU.should_see_definition(Unknown Source)
	at com.evernote.test_framework.steps.login.ui.LoginUiSteps.thenUserShouldSeeErrorResponseMessage(LoginUiSteps.java:38)
	(reflection-invoke)
	at org.jbehave.core.steps.StepCreator$ParametrisedStep.perform(StepCreator.java:790)
	at org.jbehave.core.embedder.PerformableTree$FineSoFar.run(PerformableTree.java:349)
...
Scenario: Unsuccessful login using wrong e-mail
Given the user is on the LoginPage
]]></system-out>
    <system-err><![CDATA[[pool-2-thread-1] ERROR  - 
         __  _____ _____ ____ _____   _____ ____  ____   ___  ____  
 _      / / |_   _| ____/ ___|_   _| | ____|  _ \|  _ \ / _ \|  _ \ 
(_)____| |    | | |  _| \___ \ | |   |  _| | |_) | |_) | | | | |_) |
 |_____| |    | | | |___ ___) || |   | |___|  _ <|  _ <| |_| |  _ < 
(_)    | |    |_| |_____|____/ |_|   |_____|_| \_\_| \_\\___/|_| \_\
        \_\                                                         

Unsuccessful login using wrong e-mail
---------------------------------------------------------------------
[pool-2-thread-1] ERROR  -     Test failed at step: Should see definition: There is no account for the username or email you entered.
[pool-2-thread-1] ERROR  -     Timed out after 2 seconds. Element not available
[pool-2-thread-1] INFO  - 
 _____ _____ ____ _____   ____ _____  _    ____ _____ _____ ____  
|_   _| ____/ ___|_   _| / ___|_   _|/ \  |  _ \_   _| ____|  _ \ 
  | | |  _| \___ \ | |   \___ \ | | / _ \ | |_) || | |  _| | | | |
  | | | |___ ___) || |    ___) || |/ ___ \|  _ < | | | |___| |_| |
  |_| |_____|____/ |_|   |____/ |_/_/   \_\_| \_\|_| |_____|____/ 

Unsuccessful login using wrong e-mail(stories/login/LoginToWebsite.story;Unsuccessful login using wrong e-mail)
-------------------------------------------------------------------
[pool-2-thread-1] INFO net.serenitybdd.core.webdriver.driverproviders.ChromeDriverProvider - Using automatically driver download
[pool-2-thread-1] INFO io.github.bonigarcia.wdm.WebDriverManager - Using chromedriver 101.0.4951.41 (since Chrome 101 is installed in your machine)
[pool-2-thread-1] INFO io.github.bonigarcia.wdm.WebDriverManager - Exporting webdriver.chrome.driver as /Users/OstrolutskyiArtem/.m2/repository/webdriver/chromedriver/mac64/101.0.4951.41/chromedriver
[pool-2-thread-1] INFO net.serenitybdd.core.webdriver.driverproviders.ProvideNewDriver - Instantiating driver
[pool-2-thread-1] INFO net.serenitybdd.core.webdriver.driverproviders.ProvideNewDriver - Driver capabilities: Capabilities {acceptInsecureCerts: false, browserName: chrome, goog:chromeOptions: {args: [--headless], extensions: []}, loggingPrefs: org.openqa.selenium.logging...}
Starting ChromeDriver 101.0.4951.41 (93c720db8323b3ec10d056025ab95c23a31997c9-refs/branch-heads/4951@{#904}) on port 4334
Only local connections are allowed.
Please see https://chromedriver.chromium.org/security-considerations for suggestions on keeping ChromeDriver safe.
ChromeDriver was started successfully.
May 12, 2022 11:22:10 PM org.openqa.selenium.remote.ProtocolHandshake createSession
INFO: Detected dialect: W3C
]]></system-err>
  </testcase>
  <testcase name="When the user enters e-mail &apos;ostrolutskyy@gmail․com&apos;" classname="com.evernote.test_framework.steps.login.ui.LoginUiSteps" time="0.991">
    <system-out><![CDATA[When the user enters e-mail 'ostrolutskyy@gmail.com'
]]></system-out>
  </testcase>
  <testcase name="And the user clicks on login button​" classname="com.evernote.test_framework.steps.login.ui.LoginUiSteps" time="1.581">
    <system-out><![CDATA[And the user clicks on login button
]]></system-out>
  </testcase>
  <testcase name="And the user enters password &apos;password&apos;" classname="com.evernote.test_framework.steps.login.ui.LoginUiSteps" time="13.058">
    <error message="Timed out after 2 seconds. Element not available&#10;Build info: version: &apos;3.141.59&apos;, revision: &apos;e82be7d358&apos;, time: &apos;2018-11-14T08:17:03&apos;&#10;System info: host: &apos;ua11-al-89OA&apos;, ip: &apos;fe80:0:0:0:8cc:e4c8:7a8a:f773%en0&apos;, os.name: &apos;Mac OS X&apos;, os.arch: &apos;aarch64&apos;, os.version: &apos;12.1&apos;, java.version: &apos;1.8.0_332&apos;&#10;Driver info: driver.version: unknown" type="org.openqa.selenium.ElementNotVisibleException"><![CDATA[org.openqa.selenium.ElementNotVisibleException: 
Timed out after 2 seconds. Element not available
Build info: version: '3.141.59', revision: 'e82be7d358', time: '2018-11-14T08:17:03'
System info: host: 'ua11-al-89OA', ip: 'fe80:0:0:0:8cc:e4c8:7a8a:f773%en0', os.name: 'Mac OS X', os.arch: 'aarch64', os.version: '12.1', java.version: '1.8.0_332'
Driver info: driver.version: unknown
	at com.evernote.test_framework.steps.login.ui.LoginUiSteps.whenUserEntersPassword(LoginUiSteps.java:31)
]]></error>
    <system-out><![CDATA[And the user enters password 'password' (FAILED)
(org.openqa.selenium.ElementNotVisibleException: Timed out after 2 seconds. Element not available
Build info: version: '3.141.59', revision: 'e82be7d358', time: '2018-11-14T08:17:03'
System info: host: 'ua11-al-89OA', ip: 'fe80:0:0:0:8cc:e4c8:7a8a:f773%en0', os.name: 'Mac OS X', os.arch: 'aarch64', os.version: '12.1', java.version: '1.8.0_332'
Driver info: driver.version: unknown)
]]></system-out>
  </testcase>
  <testcase name="And the user clicks on login button​​" classname="com.evernote.test_framework.steps.login.ui.LoginUiSteps" time="0">
    <skipped/>
    <system-out><![CDATA[And the user clicks on login button (NOT PERFORMED)
]]></system-out>
  </testcase>
  <testcase name="Then the user should see incorrect password message &apos;Incorrect password․ You modified your password 1 day ago․&apos;" classname="com.evernote.test_framework.steps.login.ui.LoginUiSteps" time="0">
    <skipped/>
    <system-out><![CDATA[Then the user should see incorrect password message 'Incorrect password. You modified your password 1 day ago.' (NOT PERFORMED)
]]></system-out>
  </testcase>
  <testcase name="Given the user is on the LoginPage​​" classname="com.evernote.test_framework.steps.login.ui.LoginUiSteps" time="9.515">
    <system-out><![CDATA[
org.openqa.selenium.ElementNotVisibleException: Timed out after 2 seconds. Element not available
Build info: version: '3.141.59', revision: 'e82be7d358', time: '2018-11-14T08:17:03'
System info: host: 'ua11-al-89OA', ip: 'fe80:0:0:0:8cc:e4c8:7a8a:f773%en0', os.name: 'Mac OS X', os.arch: 'aarch64', os.version: '12.1', java.version: '1.8.0_332'
Driver info: driver.version: unknown
	at net.thucydides.core.annotations.locators.SmartAjaxElementLocator.ajaxFindElement(SmartAjaxElementLocator.java:161)
	at net.thucydides.core.annotations.locators.SmartAjaxElementLocator.findElement(SmartAjaxElementLocator.java:116)
	at net.serenitybdd.core.pages.WebElementResolverByElementLocator.resolveForDriver(WebElementResolverByElementLocator.java:29)
	at net.serenitybdd.core.pages.WebElementFacadeImpl.getResolvedELement(WebElementFacadeImpl.java:234)
	at net.serenitybdd.core.pages.WebElementFacadeImpl.getElement(WebElementFacadeImpl.java:229)
	at net.serenitybdd.core.pages.WebElementFacadeImpl.isDisplayed(WebElementFacadeImpl.java:1351)
	(reflection-invoke)
	at net.thucydides.core.annotations.locators.AbstractSingleItemHandler.invoke(AbstractSingleItemHandler.java:43)
	at com.sun.proxy.$Proxy30.isDisplayed(Unknown Source)
	at org.openqa.selenium.support.ui.ExpectedConditions.elementIfVisible(ExpectedConditions.java:314)
	at org.openqa.selenium.support.ui.ExpectedConditions.access$000(ExpectedConditions.java:43)
	at org.openqa.selenium.support.ui.ExpectedConditions$10.apply(ExpectedConditions.java:300)
	at org.openqa.selenium.support.ui.ExpectedConditions$10.apply(ExpectedConditions.java:297)
	at org.openqa.selenium.support.ui.ExpectedConditions$23.apply(ExpectedConditions.java:670)
	at org.openqa.selenium.support.ui.ExpectedConditions$23.apply(ExpectedConditions.java:666)
	at org.openqa.selenium.support.ui.FluentWait.until(FluentWait.java:249)
	at com.evernote.test_framework.pages.LoginPage.isPasswordFieldVisible(LoginPage.java:49)
	at com.evernote.test_framework.steps.login.ui.EndUserUiSteps.is_password_field_visible(EndUserUiSteps.java:37)
	at com.evernote.test_framework.steps.login.ui.EndUserUiSteps$ByteBuddy$gb62CWHU.is_password_field_visible$accessor$aljKL1ls(Unknown Source)
	(reflection-invoke)
	at net.thucydides.core.steps.StepInterceptor.invokeMethod(StepInterceptor.java:492)
	at net.thucydides.core.steps.StepInterceptor.executeTestStepMethod(StepInterceptor.java:472)
	at net.thucydides.core.steps.StepInterceptor.runTestStep(StepInterceptor.java:445)
	at net.thucydides.core.steps.StepInterceptor.runOrSkipMethod(StepInterceptor.java:201)
	at net.thucydides.core.steps.StepInterceptor.testStepResult(StepInterceptor.java:188)
	at net.thucydides.core.steps.StepInterceptor.intercept(StepInterceptor.java:76)
	at net.thucydides.core.steps.ProxyConfiguration$InterceptorDispatcher.intercept(ProxyConfiguration.java:51)
	at com.evernote.test_framework.steps.login.ui.EndUserUiSteps$ByteBuddy$gb62CWHU.is_password_field_visible(Unknown Source)
	at com.evernote.test_framework.steps.login.ui.LoginUiSteps.whenUserEntersPassword(LoginUiSteps.java:31)
	(reflection-invoke)
	at org.jbehave.core.steps.StepCreator$ParametrisedStep.perform(StepCreator.java:790)
	at org.jbehave.core.embedder.PerformableTree$FineSoFar.run(PerformableTree.java:349)
...
Scenario: Successful login using e-mail
Given the user is on the LoginPage
]]></system-out>
    <system-err><![CDATA[[pool-2-thread-1] ERROR  - 
         __  _____ _____ ____ _____   _____ ____  ____   ___  ____  
 _      / / |_   _| ____/ ___|_   _| | ____|  _ \|  _ \ / _ \|  _ \ 
(_)____| |    | | |  _| \___ \ | |   |  _| | |_) | |_) | | | | |_) |
 |_____| |    | | | |___ ___) || |   | |___|  _ <|  _ <| |_| |  _ < 
(_)    | |    |_| |_____|____/ |_|   |_____|_| \_\_| \_\\___/|_| \_\
        \_\                                                         

Unsuccessful login using wrong e-mail
---------------------------------------------------------------------
[pool-2-thread-1] ERROR  -     Test failed at step: Is password field visible
[pool-2-thread-1] ERROR  -     Timed out after 2 seconds. Element not available
[pool-2-thread-1] INFO  - 
 _____ _____ ____ _____   ____ _____  _    ____ _____ _____ ____  
|_   _| ____/ ___|_   _| / ___|_   _|/ \  |  _ \_   _| ____|  _ \ 
  | | |  _| \___ \ | |   \___ \ | | / _ \ | |_) || | |  _| | | | |
  | | | |___ ___) || |    ___) || |/ ___ \|  _ < | | | |___| |_| |
  |_| |_____|____/ |_|   |____/ |_/_/   \_\_| \_\|_| |_____|____/ 

Successful login using e-mail(stories/login/LoginToWebsite.story;Successful login using e-mail)
-------------------------------------------------------------------
[pool-2-thread-1] INFO net.serenitybdd.core.webdriver.driverproviders.ChromeDriverProvider - Using automatically driver download
[pool-2-thread-1] INFO io.github.bonigarcia.wdm.WebDriverManager - Using chromedriver 101.0.4951.41 (since Chrome 101 is installed in your machine)
[pool-2-thread-1] INFO io.github.bonigarcia.wdm.WebDriverManager - Exporting webdriver.chrome.driver as /Users/OstrolutskyiArtem/.m2/repository/webdriver/chromedriver/mac64/101.0.4951.41/chromedriver
[pool-2-thread-1] INFO net.serenitybdd.core.webdriver.driverproviders.ProvideNewDriver - Instantiating driver
[pool-2-thread-1] INFO net.serenitybdd.core.webdriver.driverproviders.ProvideNewDriver - Driver capabilities: Capabilities {acceptInsecureCerts: false, browserName: chrome, goog:chromeOptions: {args: [--headless], extensions: []}, loggingPrefs: org.openqa.selenium.logging...}
Starting ChromeDriver 101.0.4951.41 (93c720db8323b3ec10d056025ab95c23a31997c9-refs/branch-heads/4951@{#904}) on port 2918
Only local connections are allowed.
Please see https://chromedriver.chromium.org/security-considerations for suggestions on keeping ChromeDriver safe.
ChromeDriver was started successfully.
May 12, 2022 11:22:35 PM org.openqa.selenium.remote.ProtocolHandshake createSession
INFO: Detected dialect: W3C
]]></system-err>
  </testcase>
  <testcase name="When the user enters e-mail &apos;ostrolutskyy@gmail․com&apos;​" classname="com.evernote.test_framework.steps.login.ui.LoginUiSteps" time="0.962">
    <system-out><![CDATA[When the user enters e-mail 'ostrolutskyy@gmail.com'
]]></system-out>
  </testcase>
  <testcase name="And the user clicks on login button​​​" classname="com.evernote.test_framework.steps.login.ui.LoginUiSteps" time="1.581">
    <system-out><![CDATA[And the user clicks on login button
]]></system-out>
  </testcase>
  <testcase name="And the user enters password &apos;proper_password&apos;" classname="com.evernote.test_framework.steps.login.ui.LoginUiSteps" time="13.009">
    <error message="Timed out after 2 seconds. Element not available&#10;Build info: version: &apos;3.141.59&apos;, revision: &apos;e82be7d358&apos;, time: &apos;2018-11-14T08:17:03&apos;&#10;System info: host: &apos;ua11-al-89OA&apos;, ip: &apos;fe80:0:0:0:8cc:e4c8:7a8a:f773%en0&apos;, os.name: &apos;Mac OS X&apos;, os.arch: &apos;aarch64&apos;, os.version: &apos;12.1&apos;, java.version: &apos;1.8.0_332&apos;&#10;Driver info: driver.version: unknown" type="org.openqa.selenium.ElementNotVisibleException"><![CDATA[org.openqa.selenium.ElementNotVisibleException: 
Timed out after 2 seconds. Element not available
Build info: version: '3.141.59', revision: 'e82be7d358', time: '2018-11-14T08:17:03'
System info: host: 'ua11-al-89OA', ip: 'fe80:0:0:0:8cc:e4c8:7a8a:f773%en0', os.name: 'Mac OS X', os.arch: 'aarch64', os.version: '12.1', java.version: '1.8.0_332'
Driver info: driver.version: unknown
	at com.evernote.test_framework.steps.login.ui.LoginUiSteps.whenUserEntersPassword(LoginUiSteps.java:31)
]]></error>
    <system-out><![CDATA[And the user enters password 'proper_password' (FAILED)
(org.openqa.selenium.ElementNotVisibleException: Timed out after 2 seconds. Element not available
Build info: version: '3.141.59', revision: 'e82be7d358', time: '2018-11-14T08:17:03'
System info: host: 'ua11-al-89OA', ip: 'fe80:0:0:0:8cc:e4c8:7a8a:f773%en0', os.name: 'Mac OS X', os.arch: 'aarch64', os.version: '12.1', java.version: '1.8.0_332'
Driver info: driver.version: unknown)
]]></system-out>
  </testcase>
  <testcase name="And the user clicks on login button​​​​" classname="com.evernote.test_framework.steps.login.ui.LoginUiSteps" time="0">
    <skipped/>
    <system-out><![CDATA[And the user clicks on login button (NOT PERFORMED)
]]></system-out>
  </testcase>
  <testcase name="Then the user is on the HomePage" classname="com.evernote.test_framework.steps.login.ui.LoginUiSteps" time="0">
    <skipped/>
    <system-out><![CDATA[Then the user is on the HomePage (NOT PERFORMED)
]]></system-out>
  </testcase>
  <testcase name="Given the user is on the LoginPage​​​" classname="com.evernote.test_framework.steps.login.ui.LoginUiSteps" time="10.794">
    <system-out><![CDATA[Running story stories/login/LoginToWebsiteAndMakeNotes.story

(stories/login/LoginToWebsiteAndMakeNotes.story)
Scenario: Login and write a note followed by a logout
Using timeout for story LoginToWebsiteAndMakeNotes.story of 300 secs.
Given the user is on the LoginPage
]]></system-out>
    <system-err><![CDATA[[pool-2-thread-1] INFO net.serenitybdd.jbehave.embedders.monitors.ReportingEmbedderMonitor - 1623009085story running with path stories/login/LoginToWebsiteAndMakeNotes.story
[pool-2-thread-1] ERROR net.serenitybdd.jbehave.embedders.monitors.ReportingEmbedderMonitor - can not find any story by path stories/login/LoginToWebsiteAndMakeNotes.story
[pool-2-thread-1] INFO  - Test Suite Started: Login to website and make notes
[pool-2-thread-1] INFO  - 
 _____ _____ ____ _____   ____ _____  _    ____ _____ _____ ____  
|_   _| ____/ ___|_   _| / ___|_   _|/ \  |  _ \_   _| ____|  _ \ 
  | | |  _| \___ \ | |   \___ \ | | / _ \ | |_) || | |  _| | | | |
  | | | |___ ___) || |    ___) || |/ ___ \|  _ < | | | |___| |_| |
  |_| |_____|____/ |_|   |____/ |_/_/   \_\_| \_\|_| |_____|____/ 

Login and write a note followed by a logout(stories/login/LoginToWebsiteAndMakeNotes.story;Login and write a note followed by a logout)
-------------------------------------------------------------------
[pool-2-thread-1] INFO net.serenitybdd.core.webdriver.driverproviders.ChromeDriverProvider - Using automatically driver download
[pool-2-thread-1] INFO io.github.bonigarcia.wdm.WebDriverManager - Using chromedriver 101.0.4951.41 (since Chrome 101 is installed in your machine)
[pool-2-thread-1] INFO io.github.bonigarcia.wdm.WebDriverManager - Exporting webdriver.chrome.driver as /Users/OstrolutskyiArtem/.m2/repository/webdriver/chromedriver/mac64/101.0.4951.41/chromedriver
[pool-2-thread-1] INFO net.serenitybdd.core.webdriver.driverproviders.ProvideNewDriver - Instantiating driver
[pool-2-thread-1] INFO net.serenitybdd.core.webdriver.driverproviders.ProvideNewDriver - Driver capabilities: Capabilities {acceptInsecureCerts: false, browserName: chrome, goog:chromeOptions: {args: [--headless], extensions: []}, loggingPrefs: org.openqa.selenium.logging...}
Starting ChromeDriver 101.0.4951.41 (93c720db8323b3ec10d056025ab95c23a31997c9-refs/branch-heads/4951@{#904}) on port 46405
Only local connections are allowed.
Please see https://chromedriver.chromium.org/security-considerations for suggestions on keeping ChromeDriver safe.
ChromeDriver was started successfully.
May 12, 2022 11:23:03 PM org.openqa.selenium.remote.ProtocolHandshake createSession
INFO: Detected dialect: W3C
]]></system-err>
  </testcase>
  <testcase name="When the user enters e-mail &apos;ostrolutskyy@gmail․com&apos;​​" classname="com.evernote.test_framework.steps.login.ui.LoginUiSteps" time="0.925">
    <system-out><![CDATA[When the user enters e-mail 'ostrolutskyy@gmail.com'
]]></system-out>
  </testcase>
  <testcase name="And the user clicks on login button​​​​​" classname="com.evernote.test_framework.steps.login.ui.LoginUiSteps" time="1.7">
    <system-out><![CDATA[And the user clicks on login button
]]></system-out>
  </testcase>
  <testcase name="And the user enters password &apos;proper_password&apos;​" classname="com.evernote.test_framework.steps.login.ui.LoginUiSteps" time="13.028">
    <error message="Timed out after 2 seconds. Element not available&#10;Build info: version: &apos;3.141.59&apos;, revision: &apos;e82be7d358&apos;, time: &apos;2018-11-14T08:17:03&apos;&#10;System info: host: &apos;ua11-al-89OA&apos;, ip: &apos;fe80:0:0:0:8cc:e4c8:7a8a:f773%en0&apos;, os.name: &apos;Mac OS X&apos;, os.arch: &apos;aarch64&apos;, os.version: &apos;12.1&apos;, java.version: &apos;1.8.0_332&apos;&#10;Driver info: driver.version: unknown" type="org.openqa.selenium.ElementNotVisibleException"><![CDATA[org.openqa.selenium.ElementNotVisibleException: 
Timed out after 2 seconds. Element not available
Build info: version: '3.141.59', revision: 'e82be7d358', time: '2018-11-14T08:17:03'
System info: host: 'ua11-al-89OA', ip: 'fe80:0:0:0:8cc:e4c8:7a8a:f773%en0', os.name: 'Mac OS X', os.arch: 'aarch64', os.version: '12.1', java.version: '1.8.0_332'
Driver info: driver.version: unknown
	at com.evernote.test_framework.steps.login.ui.LoginUiSteps.whenUserEntersPassword(LoginUiSteps.java:31)
]]></error>
    <system-out><![CDATA[And the user enters password 'proper_password' (FAILED)
(org.openqa.selenium.ElementNotVisibleException: Timed out after 2 seconds. Element not available
Build info: version: '3.141.59', revision: 'e82be7d358', time: '2018-11-14T08:17:03'
System info: host: 'ua11-al-89OA', ip: 'fe80:0:0:0:8cc:e4c8:7a8a:f773%en0', os.name: 'Mac OS X', os.arch: 'aarch64', os.version: '12.1', java.version: '1.8.0_332'
Driver info: driver.version: unknown)
]]></system-out>
  </testcase>
  <testcase name="And the user clicks on login button​​​​​​" classname="com.evernote.test_framework.steps.login.ui.LoginUiSteps" time="0">
    <skipped/>
    <system-out><![CDATA[And the user clicks on login button (NOT PERFORMED)
]]></system-out>
  </testcase>
  <testcase name="Then the user is on the HomePage​" classname="com.evernote.test_framework.steps.login.ui.LoginUiSteps" time="0">
    <skipped/>
    <system-out><![CDATA[Then the user is on the HomePage (NOT PERFORMED)
]]></system-out>
  </testcase>
  <testcase name="When the user creates a note with text &apos;Simple text&apos;" classname="com.evernote.test_framework.steps.login.ui.LoginUiSteps" time="0">
    <skipped/>
    <system-out><![CDATA[When the user creates a note with text 'Simple text' (NOT PERFORMED)
]]></system-out>
  </testcase>
  <testcase name="And the user clicks on logout" classname="com.evernote.test_framework.steps.login.ui.LoginUiSteps" time="0">
    <skipped/>
    <system-out><![CDATA[And the user clicks on logout (NOT PERFORMED)
]]></system-out>
  </testcase>
  <testcase name="Then the user follows by a logout" classname="com.evernote.test_framework.steps.login.ui.LoginUiSteps" time="0">
    <skipped/>
    <system-out><![CDATA[Then the user follows by a logout (NOT PERFORMED)
]]></system-out>
  </testcase>
  <testcase name="Given the user is on the LoginPage​​​​" classname="com.evernote.test_framework.steps.login.ui.LoginUiSteps" time="10.41">
    <system-out><![CDATA[
org.openqa.selenium.ElementNotVisibleException: Timed out after 2 seconds. Element not available
Build info: version: '3.141.59', revision: 'e82be7d358', time: '2018-11-14T08:17:03'
System info: host: 'ua11-al-89OA', ip: 'fe80:0:0:0:8cc:e4c8:7a8a:f773%en0', os.name: 'Mac OS X', os.arch: 'aarch64', os.version: '12.1', java.version: '1.8.0_332'
Driver info: driver.version: unknown
	at net.thucydides.core.annotations.locators.SmartAjaxElementLocator.ajaxFindElement(SmartAjaxElementLocator.java:161)
	at net.thucydides.core.annotations.locators.SmartAjaxElementLocator.findElement(SmartAjaxElementLocator.java:116)
	at net.serenitybdd.core.pages.WebElementResolverByElementLocator.resolveForDriver(WebElementResolverByElementLocator.java:29)
	at net.serenitybdd.core.pages.WebElementFacadeImpl.getResolvedELement(WebElementFacadeImpl.java:234)
	at net.serenitybdd.core.pages.WebElementFacadeImpl.getElement(WebElementFacadeImpl.java:229)
	at net.serenitybdd.core.pages.WebElementFacadeImpl.isDisplayed(WebElementFacadeImpl.java:1351)
	(reflection-invoke)
	at net.thucydides.core.annotations.locators.AbstractSingleItemHandler.invoke(AbstractSingleItemHandler.java:43)
	at com.sun.proxy.$Proxy30.isDisplayed(Unknown Source)
	at org.openqa.selenium.support.ui.ExpectedConditions.elementIfVisible(ExpectedConditions.java:314)
	at org.openqa.selenium.support.ui.ExpectedConditions.access$000(ExpectedConditions.java:43)
	at org.openqa.selenium.support.ui.ExpectedConditions$10.apply(ExpectedConditions.java:300)
	at org.openqa.selenium.support.ui.ExpectedConditions$10.apply(ExpectedConditions.java:297)
	at org.openqa.selenium.support.ui.ExpectedConditions$23.apply(ExpectedConditions.java:670)
	at org.openqa.selenium.support.ui.ExpectedConditions$23.apply(ExpectedConditions.java:666)
	at org.openqa.selenium.support.ui.FluentWait.until(FluentWait.java:249)
	at com.evernote.test_framework.pages.LoginPage.isPasswordFieldVisible(LoginPage.java:49)
	at com.evernote.test_framework.steps.login.ui.EndUserUiSteps.is_password_field_visible(EndUserUiSteps.java:37)
	at com.evernote.test_framework.steps.login.ui.EndUserUiSteps$ByteBuddy$gb62CWHU.is_password_field_visible$accessor$aljKL1ls(Unknown Source)
	(reflection-invoke)
	at net.thucydides.core.steps.StepInterceptor.invokeMethod(StepInterceptor.java:492)
	at net.thucydides.core.steps.StepInterceptor.executeTestStepMethod(StepInterceptor.java:472)
	at net.thucydides.core.steps.StepInterceptor.runTestStep(StepInterceptor.java:445)
	at net.thucydides.core.steps.StepInterceptor.runOrSkipMethod(StepInterceptor.java:201)
	at net.thucydides.core.steps.StepInterceptor.testStepResult(StepInterceptor.java:188)
	at net.thucydides.core.steps.StepInterceptor.intercept(StepInterceptor.java:76)
	at net.thucydides.core.steps.ProxyConfiguration$InterceptorDispatcher.intercept(ProxyConfiguration.java:51)
	at com.evernote.test_framework.steps.login.ui.EndUserUiSteps$ByteBuddy$gb62CWHU.is_password_field_visible(Unknown Source)
	at com.evernote.test_framework.steps.login.ui.LoginUiSteps.whenUserEntersPassword(LoginUiSteps.java:31)
	(reflection-invoke)
	at org.jbehave.core.steps.StepCreator$ParametrisedStep.perform(StepCreator.java:790)
	at org.jbehave.core.embedder.PerformableTree$FineSoFar.run(PerformableTree.java:349)
...
Scenario: Login again and make sure a last note created
Given the user is on the LoginPage
]]></system-out>
    <system-err><![CDATA[[pool-2-thread-1] ERROR  - 
         __  _____ _____ ____ _____   _____ ____  ____   ___  ____  
 _      / / |_   _| ____/ ___|_   _| | ____|  _ \|  _ \ / _ \|  _ \ 
(_)____| |    | | |  _| \___ \ | |   |  _| | |_) | |_) | | | | |_) |
 |_____| |    | | | |___ ___) || |   | |___|  _ <|  _ <| |_| |  _ < 
(_)    | |    |_| |_____|____/ |_|   |_____|_| \_\_| \_\\___/|_| \_\
        \_\                                                         

Login and write a note followed by a logout
---------------------------------------------------------------------
[pool-2-thread-1] ERROR  -     Test failed at step: Is password field visible
[pool-2-thread-1] ERROR  -     Timed out after 2 seconds. Element not available
[pool-2-thread-1] INFO  - 
 _____ _____ ____ _____   ____ _____  _    ____ _____ _____ ____  
|_   _| ____/ ___|_   _| / ___|_   _|/ \  |  _ \_   _| ____|  _ \ 
  | | |  _| \___ \ | |   \___ \ | | / _ \ | |_) || | |  _| | | | |
  | | | |___ ___) || |    ___) || |/ ___ \|  _ < | | | |___| |_| |
  |_| |_____|____/ |_|   |____/ |_/_/   \_\_| \_\|_| |_____|____/ 

Login again and make sure a last note created(stories/login/LoginToWebsiteAndMakeNotes.story;Login again and make sure a last note created)
-------------------------------------------------------------------
[pool-2-thread-1] INFO net.serenitybdd.core.webdriver.driverproviders.ChromeDriverProvider - Using automatically driver download
[pool-2-thread-1] INFO io.github.bonigarcia.wdm.WebDriverManager - Using chromedriver 101.0.4951.41 (since Chrome 101 is installed in your machine)
[pool-2-thread-1] INFO io.github.bonigarcia.wdm.WebDriverManager - Exporting webdriver.chrome.driver as /Users/OstrolutskyiArtem/.m2/repository/webdriver/chromedriver/mac64/101.0.4951.41/chromedriver
[pool-2-thread-1] INFO net.serenitybdd.core.webdriver.driverproviders.ProvideNewDriver - Instantiating driver
[pool-2-thread-1] INFO net.serenitybdd.core.webdriver.driverproviders.ProvideNewDriver - Driver capabilities: Capabilities {acceptInsecureCerts: false, browserName: chrome, goog:chromeOptions: {args: [--headless], extensions: []}, loggingPrefs: org.openqa.selenium.logging...}
Starting ChromeDriver 101.0.4951.41 (93c720db8323b3ec10d056025ab95c23a31997c9-refs/branch-heads/4951@{#904}) on port 1065
Only local connections are allowed.
Please see https://chromedriver.chromium.org/security-considerations for suggestions on keeping ChromeDriver safe.
ChromeDriver was started successfully.
May 12, 2022 11:23:29 PM org.openqa.selenium.remote.ProtocolHandshake createSession
INFO: Detected dialect: W3C
]]></system-err>
  </testcase>
  <testcase name="When the user enters e-mail &apos;ostrolutskyy@gmail․com&apos;​​​" classname="com.evernote.test_framework.steps.login.ui.LoginUiSteps" time="0.965">
    <system-out><![CDATA[When the user enters e-mail 'ostrolutskyy@gmail.com'
]]></system-out>
  </testcase>
  <testcase name="And the user clicks on login button​​​​​​​" classname="com.evernote.test_framework.steps.login.ui.LoginUiSteps" time="1.543">
    <system-out><![CDATA[And the user clicks on login button
]]></system-out>
  </testcase>
  <testcase name="And the user enters password &apos;proper_password&apos;​​" classname="com.evernote.test_framework.steps.login.ui.LoginUiSteps" time="12.971">
    <error message="Timed out after 2 seconds. Element not available&#10;Build info: version: &apos;3.141.59&apos;, revision: &apos;e82be7d358&apos;, time: &apos;2018-11-14T08:17:03&apos;&#10;System info: host: &apos;ua11-al-89OA&apos;, ip: &apos;fe80:0:0:0:8cc:e4c8:7a8a:f773%en0&apos;, os.name: &apos;Mac OS X&apos;, os.arch: &apos;aarch64&apos;, os.version: &apos;12.1&apos;, java.version: &apos;1.8.0_332&apos;&#10;Driver info: driver.version: unknown" type="org.openqa.selenium.ElementNotVisibleException"><![CDATA[org.openqa.selenium.ElementNotVisibleException: 
Timed out after 2 seconds. Element not available
Build info: version: '3.141.59', revision: 'e82be7d358', time: '2018-11-14T08:17:03'
System info: host: 'ua11-al-89OA', ip: 'fe80:0:0:0:8cc:e4c8:7a8a:f773%en0', os.name: 'Mac OS X', os.arch: 'aarch64', os.version: '12.1', java.version: '1.8.0_332'
Driver info: driver.version: unknown
	at com.evernote.test_framework.steps.login.ui.LoginUiSteps.whenUserEntersPassword(LoginUiSteps.java:31)
]]></error>
    <system-out><![CDATA[And the user enters password 'proper_password' (FAILED)
(org.openqa.selenium.ElementNotVisibleException: Timed out after 2 seconds. Element not available
Build info: version: '3.141.59', revision: 'e82be7d358', time: '2018-11-14T08:17:03'
System info: host: 'ua11-al-89OA', ip: 'fe80:0:0:0:8cc:e4c8:7a8a:f773%en0', os.name: 'Mac OS X', os.arch: 'aarch64', os.version: '12.1', java.version: '1.8.0_332'
Driver info: driver.version: unknown)
]]></system-out>
  </testcase>
  <testcase name="And the user clicks on login button​​​​​​​​" classname="com.evernote.test_framework.steps.login.ui.LoginUiSteps" time="0">
    <skipped/>
    <system-out><![CDATA[And the user clicks on login button (NOT PERFORMED)
]]></system-out>
  </testcase>
  <testcase name="Then the user is on the HomePage​​" classname="com.evernote.test_framework.steps.login.ui.LoginUiSteps" time="0">
    <skipped/>
    <system-out><![CDATA[Then the user is on the HomePage (NOT PERFORMED)
]]></system-out>
  </testcase>
  <testcase name="And a note with text &apos;Simple text&apos; has been created" classname="com.evernote.test_framework.steps.login.ui.LoginUiSteps" time="0">
    <skipped/>
    <system-out><![CDATA[And a note with text 'Simple text' has been created (NOT PERFORMED)
]]></system-out>
  </testcase>
  <testcase name="Given the user have e-mail &apos;ostrolutskyy@gmail․com&apos; and password &apos;proper_password&apos;" classname="com.evernote.test_framework.steps.login.api.LoginApiSteps" time="0.003">
    <system-out><![CDATA[
org.openqa.selenium.ElementNotVisibleException: Timed out after 2 seconds. Element not available
Build info: version: '3.141.59', revision: 'e82be7d358', time: '2018-11-14T08:17:03'
System info: host: 'ua11-al-89OA', ip: 'fe80:0:0:0:8cc:e4c8:7a8a:f773%en0', os.name: 'Mac OS X', os.arch: 'aarch64', os.version: '12.1', java.version: '1.8.0_332'
Driver info: driver.version: unknown
	at net.thucydides.core.annotations.locators.SmartAjaxElementLocator.ajaxFindElement(SmartAjaxElementLocator.java:161)
	at net.thucydides.core.annotations.locators.SmartAjaxElementLocator.findElement(SmartAjaxElementLocator.java:116)
	at net.serenitybdd.core.pages.WebElementResolverByElementLocator.resolveForDriver(WebElementResolverByElementLocator.java:29)
	at net.serenitybdd.core.pages.WebElementFacadeImpl.getResolvedELement(WebElementFacadeImpl.java:234)
	at net.serenitybdd.core.pages.WebElementFacadeImpl.getElement(WebElementFacadeImpl.java:229)
	at net.serenitybdd.core.pages.WebElementFacadeImpl.isDisplayed(WebElementFacadeImpl.java:1351)
	(reflection-invoke)
	at net.thucydides.core.annotations.locators.AbstractSingleItemHandler.invoke(AbstractSingleItemHandler.java:43)
	at com.sun.proxy.$Proxy30.isDisplayed(Unknown Source)
	at org.openqa.selenium.support.ui.ExpectedConditions.elementIfVisible(ExpectedConditions.java:314)
	at org.openqa.selenium.support.ui.ExpectedConditions.access$000(ExpectedConditions.java:43)
	at org.openqa.selenium.support.ui.ExpectedConditions$10.apply(ExpectedConditions.java:300)
	at org.openqa.selenium.support.ui.ExpectedConditions$10.apply(ExpectedConditions.java:297)
	at org.openqa.selenium.support.ui.ExpectedConditions$23.apply(ExpectedConditions.java:670)
	at org.openqa.selenium.support.ui.ExpectedConditions$23.apply(ExpectedConditions.java:666)
	at org.openqa.selenium.support.ui.FluentWait.until(FluentWait.java:249)
	at com.evernote.test_framework.pages.LoginPage.isPasswordFieldVisible(LoginPage.java:49)
	at com.evernote.test_framework.steps.login.ui.EndUserUiSteps.is_password_field_visible(EndUserUiSteps.java:37)
	at com.evernote.test_framework.steps.login.ui.EndUserUiSteps$ByteBuddy$gb62CWHU.is_password_field_visible$accessor$aljKL1ls(Unknown Source)
	(reflection-invoke)
	at net.thucydides.core.steps.StepInterceptor.invokeMethod(StepInterceptor.java:492)
	at net.thucydides.core.steps.StepInterceptor.executeTestStepMethod(StepInterceptor.java:472)
	at net.thucydides.core.steps.StepInterceptor.runTestStep(StepInterceptor.java:445)
	at net.thucydides.core.steps.StepInterceptor.runOrSkipMethod(StepInterceptor.java:201)
	at net.thucydides.core.steps.StepInterceptor.testStepResult(StepInterceptor.java:188)
	at net.thucydides.core.steps.StepInterceptor.intercept(StepInterceptor.java:76)
	at net.thucydides.core.steps.ProxyConfiguration$InterceptorDispatcher.intercept(ProxyConfiguration.java:51)
	at com.evernote.test_framework.steps.login.ui.EndUserUiSteps$ByteBuddy$gb62CWHU.is_password_field_visible(Unknown Source)
	at com.evernote.test_framework.steps.login.ui.LoginUiSteps.whenUserEntersPassword(LoginUiSteps.java:31)
	(reflection-invoke)
	at org.jbehave.core.steps.StepCreator$ParametrisedStep.perform(StepCreator.java:790)
	at org.jbehave.core.embedder.PerformableTree$FineSoFar.run(PerformableTree.java:349)
...
Scenario: Unsuccessful login using e-mail via api
Given the user have e-mail 'ostrolutskyy@gmail.com' and password 'proper_password'
]]></system-out>
    <system-err><![CDATA[[pool-2-thread-1] ERROR  - 
         __  _____ _____ ____ _____   _____ ____  ____   ___  ____  
 _      / / |_   _| ____/ ___|_   _| | ____|  _ \|  _ \ / _ \|  _ \ 
(_)____| |    | | |  _| \___ \ | |   |  _| | |_) | |_) | | | | |_) |
 |_____| |    | | | |___ ___) || |   | |___|  _ <|  _ <| |_| |  _ < 
(_)    | |    |_| |_____|____/ |_|   |_____|_| \_\_| \_\\___/|_| \_\
        \_\                                                         

Successful login using e-mail
---------------------------------------------------------------------
[pool-2-thread-1] ERROR  -     Test failed at step: Is password field visible
[pool-2-thread-1] ERROR  -     Timed out after 2 seconds. Element not available
[pool-2-thread-1] INFO  - 
 _____ _____ ____ _____   ____ _____  _    ____ _____ _____ ____  
|_   _| ____/ ___|_   _| / ___|_   _|/ \  |  _ \_   _| ____|  _ \ 
  | | |  _| \___ \ | |   \___ \ | | / _ \ | |_) || | |  _| | | | |
  | | | |___ ___) || |    ___) || |/ ___ \|  _ < | | | |___| |_| |
  |_| |_____|____/ |_|   |____/ |_/_/   \_\_| \_\|_| |_____|____/ 

Unsuccessful login using e-mail via api(stories/login/LoginToWebsite.story;Unsuccessful login using e-mail via api)
-------------------------------------------------------------------
]]></system-err>
  </testcase>
  <testcase name="When the user send a login request" classname="com.evernote.test_framework.steps.login.api.LoginApiSteps" time="0.83">
    <system-out><![CDATA[When the user send a login request
]]></system-out>
  </testcase>
  <testcase name="Then the user get a suspicious response" classname="com.evernote.test_framework.steps.login.api.LoginApiSteps" time="0.003">
    <system-out><![CDATA[/Login.action?err=true&message=login.error.suspicious
Then the user get a suspicious response
]]></system-out>
  </testcase>
  <testcase name="" classname="Scenario: Unsuccessful login using e-mail via api" time="0.003">
    <system-out><![CDATA[
]]></system-out>
    <system-err><![CDATA[[pool-2-thread-1] INFO  - 
        __    _____ _____ ____ _____   ____   _    ____  ____  _____ ____  
  _     \ \  |_   _| ____/ ___|_   _| |  _ \ / \  / ___|/ ___|| ____|  _ \ 
 (_)_____| |   | | |  _| \___ \ | |   | |_) / _ \ \___ \\___ \|  _| | | | |
  _|_____| |   | | | |___ ___) || |   |  __/ ___ \ ___) |___) | |___| |_| |
 (_)     | |   |_| |_____|____/ |_|   |_| /_/   \_\____/|____/|_____|____/ 
        /_/                                                                

Unsuccessful login using e-mail via api
----------------------------------------------------------------------------
]]></system-err>
  </testcase>
  <testcase name="" classname="LoginToWebsite․story" time="0.007">
    <system-out><![CDATA[
]]></system-out>
  </testcase>
</testsuite>